<?xml version="1.0" encoding="UTF-8"?>
<!-- Generated by org.testng.reporters.JUnitXMLReporter -->
<testsuite ignored="0" hostname="DESKTOP-9NCC60S" failures="0" tests="16" name=" Regression" time="0.211" errors="0" timestamp="2023-03-14T21:31:53 IST">
  <testcase classname="com.icehrm_automation.loginpage.Sample1" name="sample1Test1" time="0.015"/>
  <testcase classname="com.icehrm_automation.loginpage.TestAnnotations" name="test" time="0.011"/>
  <testcase classname="com.icehrm_automation.loginpage.Sample1" name="sample1Test2" time="0.004"/>
  <testcase classname="com.icehrm_automation.loginpage.Sample2" name="sample2Test1" time="0.004"/>
  <testcase classname="com.icehrm_automation.loginpage.Sample1" name="sample1Test3" time="0.001"/>
  <testcase classname="com.icehrm_automation.loginpage.Sample2" name="sample2Test2" time="0.002"/>
  <testcase classname="com.icehrm_automation.loginpage.Sample3" name="sample3Test1" time="0.004"/>
  <testcase classname="com.icehrm_automation.loginpage.Sample2" name="sample2Test3" time="0.003"/>
  <testcase classname="com.icehrm_automation.loginpage.Sample3" name="sample3Test2" time="0.003"/>
  <testcase classname="com.icehrm_automation.loginpage.Sample3" name="sample3Test3" time="0.002"/>
  <testcase classname="com.icehrm_automation.loginpage.Sample4" name="sample1Test3" time="0.001"/>
  <testcase classname="com.icehrm_automation.loginpage.Sample5" name="sample5Test1" time="0.004"/>
  <testcase classname="com.icehrm_automation.loginpage.Sample4" name="sample4Test1" time="0.004"/>
  <testcase classname="com.icehrm_automation.loginpage.Sample4" name="sample4Test2" time="0.007"/>
  <testcase classname="com.icehrm_automation.loginpage.Sample5" name="sample5Test2" time="0.013"/>
  <testcase classname="com.icehrm_automation.loginpage.Sample5" name="sample5Test3" time="0.002"/>
</testsuite> <!--  Regression -->
